<?xml version="1.0" encoding="UTF-8"?>
<!-- Generated by org.testng.reporters.JUnitXMLReporter -->
<testsuite ignored="0" hostname="Sivabalans-MacBook-Pro.local" failures="0" tests="3" name="Regression Tests" time="30.967" errors="0" timestamp="2025-08-22T20:20:08 GMT-04:00">
  <testcase classname="Selenium.LaunchChrome" name="validateTitle" time="4.059"/>
  <testcase classname="Selenium.MouseMovement" name="dragDrop" time="8.685"/>
  <testcase classname="Selenium.MouseMovement" name="mouseHover" time="18.185"/>
</testsuite> <!-- Regression Tests -->
