<?xml version="1.0" encoding="UTF-8"?>
<!-- Generated by org.testng.reporters.JUnitXMLReporter -->
<testsuite ignored="0" hostname="Sivabalans-MacBook-Pro.local" failures="0" tests="3" name="Regression Tests" time="31.095" errors="0" timestamp="2025-08-23T20:23:43 GMT-04:00">
  <testcase classname="Selenium.LaunchChrome" name="validateTitle" time="3.999"/>
  <testcase classname="Selenium.MouseMovement" name="dragDrop" time="8.842"/>
  <testcase classname="Selenium.MouseMovement" name="mouseHover" time="18.211"/>
</testsuite> <!-- Regression Tests -->
