<?xml version="1.0" encoding="UTF-8"?>
<testng-results ignored="0" total="1" passed="1" failed="0" skipped="0">
  <reporter-output>
  </reporter-output>
  <suite started-at="2025-08-22T20:44:15 GMT-04:00" name="Default suite" finished-at="2025-08-22T20:44:19 GMT-04:00" duration-ms="4261">
    <groups>
    </groups>
    <test started-at="2025-08-22T20:44:15 GMT-04:00" name="Default test" finished-at="2025-08-22T20:44:19 GMT-04:00" duration-ms="4261">
      <class name="Selenium.LaunchChrome">
        <test-method signature="validateTitle()[pri:0, instance:Selenium.LaunchChrome@2e554a3b]" started-at="2025-08-22T20:44:15 GMT-04:00" name="validateTitle" finished-at="2025-08-22T20:44:19 GMT-04:00" duration-ms="4230" status="PASS">
          <reporter-output>
          </reporter-output>
        </test-method> <!-- validateTitle -->
      </class> <!-- Selenium.LaunchChrome -->
    </test> <!-- Default test -->
  </suite> <!-- Default suite -->
</testng-results>
